make all --print-data-base --no-builtin-variables --no-builtin-rules --question
make: *** No rule to make target 'all'.  Stop.

# GNU Make 4.3
# Built for x86_64-redhat-linux-gnu
# Copyright (C) 1988-2020 Free Software Foundation, Inc.
# License GPLv3+: GNU GPL version 3 or later <http://gnu.org/licenses/gpl.html>
# This is free software: you are free to change and redistribute it.
# There is NO WARRANTY, to the extent permitted by law.

# Make data base, printed on Thu Aug  4 13:50:11 2022

# Variables

# environment
GDK_BACKEND = x11
# environment
LC_ALL = C
# environment
NO_AT_BRIDGE = 1
# environment
GJS_DEBUG_OUTPUT = stderr
# environment
VSCODE_CWD = /home/aleccohan
# environment
NVM_DIR = /home/aleccohan/.nvm
# environment
GDM_LANG = en_US.UTF-8
# default
MAKE_COMMAND := make
# environment
GOPATH = /home/aleccohan/go
# automatic
@D = $(patsubst %/,%,$(dir $@))
# environment
VSCODE_HANDLES_UNCAUGHT_ERRORS = true
# default
.VARIABLES := 
# environment
PWD = /home/aleccohan/Documents/InsightsRepos/payload-tracker-go
# automatic
%D = $(patsubst %/,%,$(dir $%))
# environment
HOSTNAME = heartrender
# environment
LSCOLORS = Gxfxcxdxbxegedabagacad
# environment
MAIL = /var/spool/mail/aleccohan
# environment
XDG_DATA_DIRS = /home/aleccohan/.local/share/flatpak/exports/share:/var/lib/flatpak/exports/share:/usr/local/share/:/usr/share/:/var/lib/snapd/desktop
# environment
OLDPWD = /home/aleccohan
# automatic
^D = $(patsubst %/,%,$(dir $^))
# automatic
%F = $(notdir $%)
# environment
NVM_INC = /home/aleccohan/.nvm/versions/node/v13.14.0/include/node
# environment
VSCODE_CODE_CACHE_PATH = /home/aleccohan/.config/Code/CachedData/3b889b090b5ad5793f524b5d1d39fda662b96a2a
# environment
LANG = C
# environment
XAUTHORITY = /run/user/1000/.mutter-Xwaylandauth.XYLCQ1
# default
.LOADED := 
# default
.INCLUDE_DIRS = /usr/include /usr/local/include /usr/include
# makefile
MAKEFLAGS = pqrR
# makefile
CURDIR := /home/aleccohan/Documents/InsightsRepos/payload-tracker-go
# environment
APPLICATION_INSIGHTS_NO_DIAGNOSTIC_CHANNEL = true
# environment
LESSOPEN = ||/usr/bin/lesspipe.sh %s
# automatic
*D = $(patsubst %/,%,$(dir $*))
# environment
MFLAGS = -pqrR
# environment
SSH_AUTH_SOCK = /run/user/1000/keyring/ssh
# default
.SHELLFLAGS := -c
# environment
NVM_BIN = /home/aleccohan/.nvm/versions/node/v13.14.0/bin
# environment
WAYLAND_DISPLAY = wayland-0
# environment
HISTSIZE = 50000
# automatic
+D = $(patsubst %/,%,$(dir $+))
# environment
XDG_SESSION_DESKTOP = gnome
# makefile (from 'Makefile', line 1)
MAKEFILE_LIST := Makefile
# automatic
@F = $(notdir $@)
# environment
ZSH = /home/aleccohan/.oh-my-zsh
# environment
VSCODE_PID = 6636
# environment
XDG_SESSION_TYPE = wayland
# automatic
?D = $(patsubst %/,%,$(dir $?))
# environment
SESSION_MANAGER = local/unix:@/tmp/.ICE-unix/2078,unix/unix:/tmp/.ICE-unix/2078
# automatic
*F = $(notdir $*)
# environment
CHROME_DESKTOP = code-url-handler.desktop
# environment
DBUS_SESSION_BUS_ADDRESS = unix:path=/run/user/1000/bus
# automatic
<D = $(patsubst %/,%,$(dir $<))
# environment
VSCODE_NLS_CONFIG = {"locale":"en-us","availableLanguages":{},"_languagePackSupport":true}
# default
MAKE_HOST := x86_64-redhat-linux-gnu
# makefile
SHELL = /bin/sh
# default
MAKECMDGOALS := all
# environment
XMODIFIERS = @im=ibus
# environment
GJS_DEBUG_TOPICS = JS ERROR;JS LOG
# environment
SHLVL = 0
# environment
MAKELEVEL := 0
# default
MAKE = $(MAKE_COMMAND)
# environment
PATH = /home/aleccohan/.nvm/versions/node/v13.14.0/bin:/usr/bin/snap:/usr/local/bin:/usr/local/sbin:/usr/bin:/usr/sbin:/var/lib/snapd/snap/bin
# environment
MOZ_GMP_PATH = /usr/lib64/mozilla/plugins/gmp-gmpopenh264/system-installed
# default
MAKEFILES := 
# automatic
^F = $(notdir $^)
# environment
INVOCATION_ID = 5ea78c98105241239a73b5b95ccc53ca
# environment
USERNAME = aleccohan
# environment
GNOME_SETUP_DISPLAY = :1
# automatic
?F = $(notdir $?)
# environment
XDG_CURRENT_DESKTOP = GNOME
# environment
KDEDIRS = /usr
# environment
LS_COLORS = 
# automatic
+F = $(notdir $+)
# environment
LESS = -R
# environment
DESKTOP_SESSION = gnome
# environment
ORIGINAL_XDG_CURRENT_DESKTOP = GNOME
# 'override' directive
GNUMAKEFLAGS := 
# environment
LOGNAME = aleccohan
# environment
GIO_LAUNCHED_DESKTOP_FILE = /usr/share/applications/code.desktop
# makefile
.DEFAULT_GOAL := build-api
# environment
SYSTEMD_EXEC_PID = 2131
# environment
HISTCONTROL = ignoredups
# environment
EDITOR = /usr/bin/nano
# environment
DISPLAY = :0
# environment
USER = aleccohan
# default
MAKE_VERSION := 4.3
# environment
MANAGERPID = 1971
# environment
which_declare = typeset -f
# environment
DEBUGINFOD_URLS = https://debuginfod.fedoraproject.org/ 
# environment
GIO_LAUNCHED_DESKTOP_FILE_PID = 6636
# environment
PAGER = less
# environment
_ = /usr/bin/make
# environment
XDG_RUNTIME_DIR = /run/user/1000
# environment
NVM_CD_FLAGS = -q
# environment
GOMODCACHE = /home/aleccohan/go/pkg/mod
# environment
JOURNAL_STREAM = 8:40992
# environment
XDG_SESSION_CLASS = user
# environment
VSCODE_AMD_ENTRYPOINT = vs/workbench/api/node/extensionHostProcess
# environment
HOME = /home/aleccohan
# environment
QT_IM_MODULE = ibus
# environment
ELECTRON_RUN_AS_NODE = 1
# environment
VSCODE_IPC_HOOK = /run/user/1000/vscode-594b04df-1.69.2-main.sock
# environment
GOPROXY = direct
# default
.RECIPEPREFIX := 
# automatic
<F = $(notdir $<)
# default
SUFFIXES := 
# default
.FEATURES := target-specific order-only second-expansion else-if shortest-stem undefine oneshell nocomment grouped-target extra-prereqs archives jobserver output-sync check-symlink guile load
# environment
XDG_MENU_PREFIX = gnome-
# environment
GDMSESSION = gnome
# variable set hash-table stats:
# Load=108/1024=11%, Rehash=0, Collisions=6/138=4%

# Pattern-specific Variable Values

# No pattern-specific variable values.

# Directories

# . (device 40, inode 108606): 25 files, no impossibilities.

# 25 files, no impossibilities in 1 directories.

# Implicit Rules

# No implicit rules.

# Files

lint:
#  Implicit rule search has not been done.
#  Modification time never checked.
#  File has not been updated.
#  recipe to execute (from 'Makefile', line 15):
	gofmt -l .
	gofmt -s -w .

run-migration:
#  Implicit rule search has not been done.
#  Modification time never checked.
#  File has not been updated.
#  recipe to execute (from 'Makefile', line 26):
	go build -o pt-migration internal/migration/main.go
	./pt-migration

# Not a target:
Makefile:
#  Implicit rule search has been done.
#  Last modified 2022-06-26 23:01:03.318777065
#  File has been updated.
#  Successfully updated.

# Not a target:
.DEFAULT:
#  Implicit rule search has not been done.
#  Modification time never checked.
#  File has not been updated.

build-all:
#  Implicit rule search has not been done.
#  Modification time never checked.
#  File has not been updated.
#  recipe to execute (from 'Makefile', line 11):
 
	go build -o pt-api cmd/payload-tracker-api/main.go
	go build -o pt-consumer cmd/payload-tracker-consumer/main.go

# Not a target:
all:
#  Command line target.
#  Implicit rule search has been done.
#  File does not exist.
#  File has not been updated.

run-seed:
#  Implicit rule search has not been done.
#  Modification time never checked.
#  File has not been updated.
#  recipe to execute (from 'Makefile', line 22):
	go build -o pt-seeder tools/db-seeder/main.go
	./pt-seeder

build-consumer:
#  Implicit rule search has not been done.
#  Modification time never checked.
#  File has not been updated.
#  recipe to execute (from 'Makefile', line 7):
	go build -o pt-consumer cmd/payload-tracker-consumer/main.go

test:
#  Implicit rule search has not been done.
#  Modification time never checked.
#  File has not been updated.
#  recipe to execute (from 'Makefile', line 19):
	go test -p 1 -v ./...

build-api:
#  Implicit rule search has not been done.
#  Modification time never checked.
#  File has not been updated.
#  recipe to execute (from 'Makefile', line 2):
	
	go build -o pt-api cmd/payload-tracker-api/main.go

# files hash-table stats:
# Load=11/1024=1%, Rehash=0, Collisions=0/21=0%
# VPATH Search Paths

# No 'vpath' search paths.

# No general ('VPATH' variable) search path.

# strcache buffers: 1 (0) / strings = 37 / storage = 338 B / avg = 9 B
# current buf: size = 8162 B / used = 338 B / count = 37 / avg = 9 B

# strcache performance: lookups = 48 / hit rate = 22%
# hash-table stats:
# Load=37/8192=0%, Rehash=0, Collisions=0/48=0%
# Finished Make data base on Thu Aug  4 13:50:11 2022

 
